#
# There is insufficient memory for the Java Runtime Environment to continue.
# Native memory allocation (mmap) failed to map 24117248 bytes for G1 virtual space
# Possible reasons:
#   The system is out of physical RAM or swap space
#   The process is running with CompressedOops enabled, and the Java Heap may be blocking the growth of the native heap
# Possible solutions:
#   Reduce memory load on the system
#   Increase physical memory or swap space
#   Check if swap backing store is full
#   Decrease Java heap size (-Xmx/-Xms)
#   Decrease number of Java threads
#   Decrease Java thread stack sizes (-Xss)
#   Set larger code cache with -XX:ReservedCodeCacheSize=
#   JVM is running with Unscaled Compressed Oops mode in which the Java heap is
#     placed in the first 4GB address space. The Java Heap base address is the
#     maximum limit for the native heap growth. Please use -XX:HeapBaseMinAddress
#     to set the Java Heap base and to place the Java Heap above 4GB virtual address.
# This output file may be truncated or incomplete.
#
#  Out of Memory Error (os_windows.cpp:3769), pid=7380, tid=14740
#
# JRE version: OpenJDK Runtime Environment (17.0.6) (build 17.0.6+0-b2043.56-9586694)
# Java VM: OpenJDK 64-Bit Server VM (17.0.6+0-b2043.56-9586694, mixed mode, tiered, compressed oops, compressed class ptrs, g1 gc, windows-amd64)
# No core dump will be written. Minidumps are not enabled by default on client versions of Windows
#

---------------  S U M M A R Y ------------

Command Line: org.jetbrains.kotlin.cli.jvm.K2JVMCompiler @D:\Latihan\Kotlin\bangun-pc-android\app\build\20230531_17053743153046782003.compiler.options

Host: Intel(R) Core(TM) i3-10110U CPU @ 2.10GHz, 4 cores, 7G,  Windows 11 , 64 bit Build 22621 (10.0.22621.1635)
Time: Wed May 31 09:28:19 2023 SE Asia Standard Time elapsed time: 4.304422 seconds (0d 0h 0m 4s)

---------------  T H R E A D  ---------------

Current thread (0x0000027264100630):  VMThread "VM Thread" [stack: 0x000000e207a00000,0x000000e207b00000] [id=14740]

Stack: [0x000000e207a00000,0x000000e207b00000]
Native frames: (J=compiled Java code, j=interpreted, Vv=VM code, C=native code)
V  [jvm.dll+0x683b4a]
V  [jvm.dll+0x842654]
V  [jvm.dll+0x843dfe]
V  [jvm.dll+0x844463]
V  [jvm.dll+0x249b75]
V  [jvm.dll+0x680a19]
V  [jvm.dll+0x674f0a]
V  [jvm.dll+0x309acb]
V  [jvm.dll+0x310f86]
V  [jvm.dll+0x3608ee]
V  [jvm.dll+0x360b1f]
V  [jvm.dll+0x2dfbf8]
V  [jvm.dll+0x2e2ce6]
V  [jvm.dll+0x2ed478]
V  [jvm.dll+0x322150]
V  [jvm.dll+0x84893b]
V  [jvm.dll+0x849674]
V  [jvm.dll+0x849b8d]
V  [jvm.dll+0x849f64]
V  [jvm.dll+0x84a030]
V  [jvm.dll+0x7f25fa]
V  [jvm.dll+0x682985]
C  [ucrtbase.dll+0x29363]
C  [KERNEL32.DLL+0x126ad]
C  [ntdll.dll+0x5a9f8]

VM_Operation (0x000000e2076ff6a0): G1Concurrent, mode: safepoint, requested by thread 0x000002724ad19b30


---------------  P R O C E S S  ---------------

Threads class SMR info:
_java_thread_list=0x0000027266f5a330, length=13, elements={
0x000002724acae000, 0x0000027264102ff0, 0x0000027264103ab0, 0x000002726412d900,
0x000002726412e6c0, 0x0000027264c28020, 0x0000027264c28b00, 0x0000027264c68800,
0x0000027264c68d10, 0x0000027264c69220, 0x0000027264dbd9c0, 0x0000027264dc47b0,
0x0000027266f667c0
}

Java Threads: ( => current thread )
  0x000002724acae000 JavaThread "main" [_thread_blocked, id=9960, stack(0x000000e207400000,0x000000e207500000)]
  0x0000027264102ff0 JavaThread "Reference Handler" daemon [_thread_blocked, id=9076, stack(0x000000e207b00000,0x000000e207c00000)]
  0x0000027264103ab0 JavaThread "Finalizer" daemon [_thread_blocked, id=7868, stack(0x000000e207c00000,0x000000e207d00000)]
  0x000002726412d900 JavaThread "Signal Dispatcher" daemon [_thread_blocked, id=6336, stack(0x000000e207d00000,0x000000e207e00000)]
  0x000002726412e6c0 JavaThread "Attach Listener" daemon [_thread_blocked, id=12364, stack(0x000000e207e00000,0x000000e207f00000)]
  0x0000027264c28020 JavaThread "Service Thread" daemon [_thread_blocked, id=8740, stack(0x000000e207f00000,0x000000e208000000)]
  0x0000027264c28b00 JavaThread "Monitor Deflation Thread" daemon [_thread_blocked, id=5148, stack(0x000000e208000000,0x000000e208100000)]
  0x0000027264c68800 JavaThread "C2 CompilerThread0" daemon [_thread_in_native, id=12068, stack(0x000000e208100000,0x000000e208200000)]
  0x0000027264c68d10 JavaThread "C1 CompilerThread0" daemon [_thread_blocked, id=14600, stack(0x000000e208200000,0x000000e208300000)]
  0x0000027264c69220 JavaThread "Sweeper thread" daemon [_thread_blocked, id=9116, stack(0x000000e208300000,0x000000e208400000)]
  0x0000027264dbd9c0 JavaThread "Notification Thread" daemon [_thread_blocked, id=4344, stack(0x000000e208400000,0x000000e208500000)]
  0x0000027264dc47b0 JavaThread "Common-Cleaner" daemon [_thread_blocked, id=8708, stack(0x000000e208600000,0x000000e208700000)]
  0x0000027266f667c0 JavaThread "C2 CompilerThread1" daemon [_thread_blocked, id=8880, stack(0x000000e208a00000,0x000000e208b00000)]

Other Threads:
=>0x0000027264100630 VMThread "VM Thread" [stack: 0x000000e207a00000,0x000000e207b00000] [id=14740]
  0x0000027264dbde90 WatcherThread [stack: 0x000000e208500000,0x000000e208600000] [id=1988]
  0x000002724ad091e0 GCTaskThread "GC Thread#0" [stack: 0x000000e207500000,0x000000e207600000] [id=8704]
  0x00000272651a9bf0 GCTaskThread "GC Thread#1" [stack: 0x000000e208700000,0x000000e208800000] [id=7888]
  0x00000272651a9ea0 GCTaskThread "GC Thread#2" [stack: 0x000000e208800000,0x000000e208900000] [id=4256]
  0x00000272651d74f0 GCTaskThread "GC Thread#3" [stack: 0x000000e208900000,0x000000e208a00000] [id=3192]
  0x000002724ad19b30 ConcurrentGCThread "G1 Main Marker" [stack: 0x000000e207600000,0x000000e207700000] [id=2056]
  0x000002724ad1a7e0 ConcurrentGCThread "G1 Conc#0" [stack: 0x000000e207700000,0x000000e207800000] [id=7236]
  0x000002724ad63a20 ConcurrentGCThread "G1 Refine#0" [stack: 0x000000e207800000,0x000000e207900000] [id=4504]
  0x0000027269b7a020 ConcurrentGCThread "G1 Refine#1" [stack: 0x000000e208b00000,0x000000e208c00000] [id=15188]
  0x0000027263f628b0 ConcurrentGCThread "G1 Service" [stack: 0x000000e207900000,0x000000e207a00000] [id=11664]

Threads with active compile tasks:
C2 CompilerThread0     4323 4220   !   4       org.jetbrains.kotlin.metadata.ProtoBuf$Function::<init> (1410 bytes)
C1 CompilerThread0     4323 4419       3       org.jetbrains.kotlin.serialization.deserialization.descriptors.DeserializedMemberScope$OptimizedImplementation::<init> (881 bytes)
C2 CompilerThread1     4323 4314   !   4       org.jetbrains.kotlin.metadata.ProtoBuf$Type::<init> (875 bytes)

VM state: at safepoint (normal execution)

VM Mutex/Monitor currently owned by a thread:  ([mutex/lock_event])
[0x000002724acaa510] Threads_lock - owner thread: 0x0000027264100630
[0x000002724acaaea0] Heap_lock - owner thread: 0x000002724ad19b30

Heap address: 0x0000000082800000, size: 2008 MB, Compressed Oops mode: 32-bit

CDS archive(s) not mapped
Compressed class space mapped at: 0x0000000100000000-0x0000000140000000, reserved size: 1073741824
Narrow klass base: 0x0000000000000000, Narrow klass shift: 3, Narrow klass range: 0x140000000

GC Precious Log:
 CPUs: 4 total, 4 available
 Memory: 8029M
 Large Page Support: Disabled
 NUMA Support: Disabled
 Compressed Oops: Enabled (32-bit)
 Heap Region Size: 1M
 Heap Min Capacity: 8M
 Heap Initial Capacity: 126M
 Heap Max Capacity: 2008M
 Pre-touch: Disabled
 Parallel Workers: 4
 Concurrent Workers: 1
 Concurrent Refinement Workers: 4
 Periodic GC: Disabled

Heap:
 garbage-first heap   total 73728K, used 54721K [0x0000000082800000, 0x0000000100000000)
  region size 1024K, 14 young (14336K), 2 survivors (2048K)
 Metaspace       used 50580K, committed 50880K, reserved 1097728K
  class space    used 6058K, committed 6208K, reserved 1048576K

Heap Regions: E=young(eden), S=young(survivor), O=old, HS=humongous(starts), HC=humongous(continues), CS=collection set, F=free, OA=open archive, CA=closed archive, TAMS=top-at-mark-start (previous, next)
|   0|0x0000000082800000, 0x0000000082900000, 0x0000000082900000|100%|HS|  |TAMS 0x0000000082900000, 0x0000000082800000| Complete 
|   1|0x0000000082900000, 0x0000000082a00000, 0x0000000082a00000|100%|HC|  |TAMS 0x0000000082a00000, 0x0000000082900000| Complete 
|   2|0x0000000082a00000, 0x0000000082b00000, 0x0000000082b00000|100%|HC|  |TAMS 0x0000000082b00000, 0x0000000082a00000| Complete 
|   3|0x0000000082b00000, 0x0000000082c00000, 0x0000000082c00000|100%|HC|  |TAMS 0x0000000082c00000, 0x0000000082b00000| Complete 
|   4|0x0000000082c00000, 0x0000000082d00000, 0x0000000082d00000|100%| O|  |TAMS 0x0000000082d00000, 0x0000000082c00000| Untracked 
|   5|0x0000000082d00000, 0x0000000082e00000, 0x0000000082e00000|100%| O|  |TAMS 0x0000000082e00000, 0x0000000082d00000| Untracked 
|   6|0x0000000082e00000, 0x0000000082f00000, 0x0000000082f00000|100%| O|  |TAMS 0x0000000082f00000, 0x0000000082e00000| Untracked 
|   7|0x0000000082f00000, 0x0000000083000000, 0x0000000083000000|100%|HS|  |TAMS 0x0000000083000000, 0x0000000082f00000| Complete 
|   8|0x0000000083000000, 0x0000000083100000, 0x0000000083100000|100%|HC|  |TAMS 0x0000000083100000, 0x0000000083000000| Complete 
|   9|0x0000000083100000, 0x0000000083200000, 0x0000000083200000|100%|HC|  |TAMS 0x0000000083200000, 0x0000000083100000| Complete 
|  10|0x0000000083200000, 0x0000000083300000, 0x0000000083300000|100%|HC|  |TAMS 0x0000000083300000, 0x0000000083200000| Complete 
|  11|0x0000000083300000, 0x0000000083400000, 0x0000000083400000|100%| O|  |TAMS 0x0000000083400000, 0x0000000083300000| Untracked 
|  12|0x0000000083400000, 0x0000000083500000, 0x0000000083500000|100%| O|  |TAMS 0x0000000083500000, 0x0000000083400000| Untracked 
|  13|0x0000000083500000, 0x0000000083600000, 0x0000000083600000|100%| O|  |TAMS 0x0000000083600000, 0x0000000083500000| Untracked 
|  14|0x0000000083600000, 0x0000000083700000, 0x0000000083700000|100%| O|  |TAMS 0x0000000083700000, 0x0000000083600000| Untracked 
|  15|0x0000000083700000, 0x0000000083800000, 0x0000000083800000|100%| O|  |TAMS 0x0000000083800000, 0x0000000083700000| Updating 
|  16|0x0000000083800000, 0x0000000083900000, 0x0000000083900000|100%| O|  |TAMS 0x0000000083900000, 0x0000000083800000| Untracked 
|  17|0x0000000083900000, 0x0000000083a00000, 0x0000000083a00000|100%| O|  |TAMS 0x0000000083a00000, 0x0000000083900000| Untracked 
|  18|0x0000000083a00000, 0x0000000083b00000, 0x0000000083b00000|100%| O|  |TAMS 0x0000000083b00000, 0x0000000083a00000| Untracked 
|  19|0x0000000083b00000, 0x0000000083c00000, 0x0000000083c00000|100%| O|  |TAMS 0x0000000083c00000, 0x0000000083b00000| Untracked 
|  20|0x0000000083c00000, 0x0000000083d00000, 0x0000000083d00000|100%| O|  |TAMS 0x0000000083d00000, 0x0000000083c00000| Untracked 
|  21|0x0000000083d00000, 0x0000000083e00000, 0x0000000083e00000|100%| O|  |TAMS 0x0000000083e00000, 0x0000000083d00000| Untracked 
|  22|0x0000000083e00000, 0x0000000083f00000, 0x0000000083f00000|100%| O|  |TAMS 0x0000000083f00000, 0x0000000083e00000| Untracked 
|  23|0x0000000083f00000, 0x0000000084000000, 0x0000000084000000|100%| O|  |TAMS 0x0000000084000000, 0x0000000083f00000| Untracked 
|  24|0x0000000084000000, 0x0000000084100000, 0x0000000084100000|100%| O|  |TAMS 0x0000000084100000, 0x0000000084000000| Untracked 
|  25|0x0000000084100000, 0x0000000084200000, 0x0000000084200000|100%| O|  |TAMS 0x0000000084200000, 0x0000000084100000| Updating 
|  26|0x0000000084200000, 0x0000000084300000, 0x0000000084300000|100%|HS|  |TAMS 0x0000000084300000, 0x0000000084200000| Complete 
|  27|0x0000000084300000, 0x0000000084400000, 0x0000000084400000|100%|HC|  |TAMS 0x0000000084400000, 0x0000000084300000| Complete 
|  28|0x0000000084400000, 0x0000000084500000, 0x0000000084500000|100%| O|  |TAMS 0x0000000084500000, 0x0000000084400000| Updating 
|  29|0x0000000084500000, 0x0000000084600000, 0x0000000084600000|100%| O|  |TAMS 0x0000000084600000, 0x0000000084500000| Untracked 
|  30|0x0000000084600000, 0x0000000084700000, 0x0000000084700000|100%| O|  |TAMS 0x0000000084700000, 0x0000000084600000| Updating 
|  31|0x0000000084700000, 0x0000000084800000, 0x0000000084800000|100%| O|  |TAMS 0x0000000084800000, 0x0000000084700000| Untracked 
|  32|0x0000000084800000, 0x0000000084900000, 0x0000000084900000|100%| O|  |TAMS 0x0000000084900000, 0x0000000084800000| Updating 
|  33|0x0000000084900000, 0x0000000084a00000, 0x0000000084a00000|100%| O|  |TAMS 0x0000000084a00000, 0x0000000084900000| Untracked 
|  34|0x0000000084a00000, 0x0000000084b00000, 0x0000000084b00000|100%| O|  |TAMS 0x0000000084b00000, 0x0000000084a00000| Untracked 
|  35|0x0000000084b00000, 0x0000000084c00000, 0x0000000084c00000|100%| O|  |TAMS 0x0000000084b7b600, 0x0000000084b00000| Updating 
|  36|0x0000000084c00000, 0x0000000084d00000, 0x0000000084d00000|100%|HS|  |TAMS 0x0000000084d00000, 0x0000000084c00000| Complete 
|  37|0x0000000084d00000, 0x0000000084e00000, 0x0000000084e00000|100%|HC|  |TAMS 0x0000000084e00000, 0x0000000084d00000| Complete 
|  38|0x0000000084e00000, 0x0000000084f00000, 0x0000000084f00000|100%| O|  |TAMS 0x0000000084e00000, 0x0000000084e00000| Untracked 
|  39|0x0000000084f00000, 0x0000000085000000, 0x0000000085000000|100%| O|  |TAMS 0x0000000084f00000, 0x0000000084f00000| Untracked 
|  40|0x0000000085000000, 0x000000008502c800, 0x0000000085100000| 17%| O|  |TAMS 0x0000000085000000, 0x0000000085000000| Updating 
|  41|0x0000000085100000, 0x0000000085200000, 0x0000000085200000|100%|HS|  |TAMS 0x0000000085100000, 0x0000000085100000| Complete 
|  42|0x0000000085200000, 0x0000000085200000, 0x0000000085300000|  0%| F|  |TAMS 0x0000000085200000, 0x0000000085200000| Untracked 
|  43|0x0000000085300000, 0x0000000085300000, 0x0000000085400000|  0%| F|  |TAMS 0x0000000085300000, 0x0000000085300000| Untracked 
|  44|0x0000000085400000, 0x0000000085400000, 0x0000000085500000|  0%| F|  |TAMS 0x0000000085400000, 0x0000000085400000| Untracked 
|  45|0x0000000085500000, 0x0000000085500000, 0x0000000085600000|  0%| F|  |TAMS 0x0000000085500000, 0x0000000085500000| Untracked 
|  46|0x0000000085600000, 0x0000000085600000, 0x0000000085700000|  0%| F|  |TAMS 0x0000000085600000, 0x0000000085600000| Untracked 
|  47|0x0000000085700000, 0x0000000085700000, 0x0000000085800000|  0%| F|  |TAMS 0x0000000085700000, 0x0000000085700000| Untracked 
|  48|0x0000000085800000, 0x0000000085800000, 0x0000000085900000|  0%| F|  |TAMS 0x0000000085800000, 0x0000000085800000| Untracked 
|  49|0x0000000085900000, 0x0000000085900000, 0x0000000085a00000|  0%| F|  |TAMS 0x0000000085900000, 0x0000000085900000| Untracked 
|  50|0x0000000085a00000, 0x0000000085a00000, 0x0000000085b00000|  0%| F|  |TAMS 0x0000000085a00000, 0x0000000085a00000| Untracked 
|  51|0x0000000085b00000, 0x0000000085b00000, 0x0000000085c00000|  0%| F|  |TAMS 0x0000000085b00000, 0x0000000085b00000| Untracked 
|  52|0x0000000085c00000, 0x0000000085c00000, 0x0000000085d00000|  0%| F|  |TAMS 0x0000000085c00000, 0x0000000085c00000| Untracked 
|  53|0x0000000085d00000, 0x0000000085d00000, 0x0000000085e00000|  0%| F|  |TAMS 0x0000000085d00000, 0x0000000085d00000| Untracked 
|  54|0x0000000085e00000, 0x0000000085e00000, 0x0000000085f00000|  0%| F|  |TAMS 0x0000000085e00000, 0x0000000085e00000| Untracked 
|  55|0x0000000085f00000, 0x0000000085f00000, 0x0000000086000000|  0%| F|  |TAMS 0x0000000085f00000, 0x0000000085f00000| Untracked 
|  56|0x0000000086000000, 0x0000000086000000, 0x0000000086100000|  0%| F|  |TAMS 0x0000000086000000, 0x0000000086000000| Untracked 
|  57|0x0000000086100000, 0x0000000086184fc0, 0x0000000086200000| 51%| E|  |TAMS 0x0000000086100000, 0x0000000086100000| Complete 
|  58|0x0000000086200000, 0x0000000086300000, 0x0000000086300000|100%| E|CS|TAMS 0x0000000086200000, 0x0000000086200000| Complete 
|  59|0x0000000086300000, 0x0000000086400000, 0x0000000086400000|100%| E|CS|TAMS 0x0000000086300000, 0x0000000086300000| Complete 
|  60|0x0000000086400000, 0x0000000086500000, 0x0000000086500000|100%| E|CS|TAMS 0x0000000086400000, 0x0000000086400000| Complete 
|  61|0x0000000086500000, 0x0000000086600000, 0x0000000086600000|100%| E|CS|TAMS 0x0000000086500000, 0x0000000086500000| Complete 
|  62|0x0000000086600000, 0x0000000086700000, 0x0000000086700000|100%| E|CS|TAMS 0x0000000086600000, 0x0000000086600000| Complete 
|  63|0x0000000086700000, 0x0000000086800000, 0x0000000086800000|100%| E|CS|TAMS 0x0000000086700000, 0x0000000086700000| Complete 
|  64|0x0000000086800000, 0x0000000086843cf0, 0x0000000086900000| 26%| S|CS|TAMS 0x0000000086800000, 0x0000000086800000| Complete 
|  93|0x0000000088500000, 0x0000000088600000, 0x0000000088600000|100%| S|CS|TAMS 0x0000000088500000, 0x0000000088500000| Complete 
|  94|0x0000000088600000, 0x0000000088700000, 0x0000000088700000|100%| E|CS|TAMS 0x0000000088600000, 0x0000000088600000| Complete 
|  95|0x0000000088700000, 0x0000000088800000, 0x0000000088800000|100%| E|CS|TAMS 0x0000000088700000, 0x0000000088700000| Complete 
|  96|0x0000000088800000, 0x0000000088900000, 0x0000000088900000|100%| E|CS|TAMS 0x0000000088800000, 0x0000000088800000| Complete 
|  97|0x0000000088900000, 0x0000000088a00000, 0x0000000088a00000|100%| E|  |TAMS 0x0000000088900000, 0x0000000088900000| Complete 
| 125|0x000000008a500000, 0x000000008a600000, 0x000000008a600000|100%| E|CS|TAMS 0x000000008a500000, 0x000000008a500000| Complete 
|2007|0x00000000fff00000, 0x0000000100000000, 0x0000000100000000|100%| O|  |TAMS 0x0000000100000000, 0x00000000fff00000| Untracked 

Card table byte_map: [0x000002725d560000,0x000002725d950000] _byte_map_base: 0x000002725d14c000

Marking Bits (Prev, Next): (CMBitMap*) 0x000002724ad09700, (CMBitMap*) 0x000002724ad09740
 Prev Bits: [0x000002725dd40000, 0x000002725fca0000)
 Next Bits: [0x000002725fca0000, 0x0000027261c00000)

Polling page: 0x0000027248c30000

Metaspace:

Usage:
  Non-class:     43.48 MB used.
      Class:      5.92 MB used.
       Both:     49.40 MB used.

Virtual space:
  Non-class space:       48.00 MB reserved,      43.62 MB ( 91%) committed,  6 nodes.
      Class space:        1.00 GB reserved,       6.06 MB ( <1%) committed,  1 nodes.
             Both:        1.05 GB reserved,      49.69 MB (  5%) committed. 

Chunk freelists:
   Non-Class:  304.00 KB
       Class:  1.86 MB
        Both:  2.16 MB

MaxMetaspaceSize: unlimited
CompressedClassSpaceSize: 1.00 GB
Initial GC threshold: 21.00 MB
Current GC threshold: 80.88 MB
CDS: off
MetaspaceReclaimPolicy: balanced
 - commit_granule_bytes: 65536.
 - commit_granule_words: 8192.
 - virtual_space_node_default_size: 1048576.
 - enlarge_chunks_in_place: 1.
 - new_chunks_are_fully_committed: 0.
 - uncommit_free_chunks: 1.
 - use_allocation_guard: 0.
 - handle_deallocations: 1.


Internal statistics:

num_allocs_failed_limit: 9.
num_arena_births: 212.
num_arena_deaths: 0.
num_vsnodes_births: 7.
num_vsnodes_deaths: 0.
num_space_committed: 793.
num_space_uncommitted: 0.
num_chunks_returned_to_freelist: 9.
num_chunks_taken_from_freelist: 1652.
num_chunk_merges: 9.
num_chunk_splits: 1342.
num_chunks_enlarged: 1161.
num_purges: 0.
num_inconsistent_stats: 0.

CodeHeap 'non-profiled nmethods': size=120000Kb used=1939Kb max_used=1939Kb free=118061Kb
 bounds [0x0000027255c40000, 0x0000027255eb0000, 0x000002725d170000]
CodeHeap 'profiled nmethods': size=120000Kb used=8712Kb max_used=8712Kb free=111287Kb
 bounds [0x000002724e170000, 0x000002724ea00000, 0x00000272556a0000]
CodeHeap 'non-nmethods': size=5760Kb used=1281Kb max_used=1360Kb free=4478Kb
 bounds [0x00000272556a0000, 0x0000027255910000, 0x0000027255c40000]
 total_blobs=4980 nmethods=4381 adapters=510
 compilation: enabled
              stopped_count=0, restarted_count=0
 full_count=0

Compilation events (20 events):
Event: 4.268 Thread 0x0000027264c68d10 nmethod 4402 0x000002724e9e0e10 code [0x000002724e9e0fa0, 0x000002724e9e1098]
Event: 4.268 Thread 0x0000027264c68d10 4403       3       org.jetbrains.kotlin.metadata.jvm.JvmProtoBuf$JvmMethodSignature::access$2202 (7 bytes)
Event: 4.269 Thread 0x0000027264c68d10 nmethod 4403 0x000002724e9e1190 code [0x000002724e9e1320, 0x000002724e9e1418]
Event: 4.273 Thread 0x0000027264c68d10 4406       3       org.jetbrains.kotlin.metadata.ProtoBuf$TypeParameter$1::parsePartialFrom (11 bytes)
Event: 4.273 Thread 0x0000027264c68d10 nmethod 4406 0x000002724e9e1510 code [0x000002724e9e16c0, 0x000002724e9e18c8]
Event: 4.273 Thread 0x0000027264c68d10 4407   !   3       org.jetbrains.kotlin.metadata.ProtoBuf$TypeParameter::<init> (662 bytes)
Event: 4.277 Thread 0x0000027264c68d10 nmethod 4407 0x000002724e9e1a10 code [0x000002724e9e2180, 0x000002724e9e7178]
Event: 4.277 Thread 0x0000027264c68d10 4409       3       org.jetbrains.kotlin.metadata.ProtoBuf$Type$Argument$Projection::valueOf (50 bytes)
Event: 4.277 Thread 0x0000027264c68d10 nmethod 4409 0x000002724e9e9190 code [0x000002724e9e9340, 0x000002724e9e9598]
Event: 4.280 Thread 0x0000027264c68d10 4410   !   3       org.jetbrains.kotlin.metadata.ProtoBuf$Package::<init> (656 bytes)
Event: 4.284 Thread 0x0000027264c68d10 nmethod 4410 0x000002724e9e9610 code [0x000002724e9e9ce0, 0x000002724e9ee458]
Event: 4.291 Thread 0x0000027264c68d10 4414       1       org.jetbrains.kotlin.metadata.jvm.JvmProtoBuf$JvmPropertySignature::getGetter (5 bytes)
Event: 4.291 Thread 0x0000027264c68d10 nmethod 4414 0x0000027255e24910 code [0x0000027255e24aa0, 0x0000027255e24b78]
Event: 4.291 Thread 0x0000027264c68d10 4415       3       org.jetbrains.kotlin.metadata.jvm.JvmProtoBuf$JvmFieldSignature::getDefaultInstance (4 bytes)
Event: 4.292 Thread 0x0000027264c68d10 nmethod 4415 0x000002724e9eff10 code [0x000002724e9f00a0, 0x000002724e9f0198]
Event: 4.293 Thread 0x0000027264c68d10 4416       3       org.jetbrains.kotlin.metadata.ProtoBuf$Package::isInitialized (165 bytes)
Event: 4.294 Thread 0x0000027264c68d10 nmethod 4416 0x000002724e9f0210 code [0x000002724e9f0520, 0x000002724e9f1808]
Event: 4.295 Thread 0x0000027264c68d10 4418       3       org.jetbrains.kotlin.metadata.jvm.JvmProtoBuf$JvmPropertySignature::isInitialized (25 bytes)
Event: 4.295 Thread 0x0000027264c68d10 nmethod 4418 0x000002724e9f1d90 code [0x000002724e9f1f40, 0x000002724e9f2138]
Event: 4.296 Thread 0x0000027264c68d10 4419       3       org.jetbrains.kotlin.serialization.deserialization.descriptors.DeserializedMemberScope$OptimizedImplementation::<init> (881 bytes)

GC Heap History (20 events):
Event: 1.706 GC heap before
{Heap before GC invocations=5 (full 0):
 garbage-first heap   total 46080K, used 18029K [0x0000000082800000, 0x0000000100000000)
  region size 1024K, 4 young (4096K), 3 survivors (3072K)
 Metaspace       used 28049K, committed 28224K, reserved 1081344K
  class space    used 3135K, committed 3200K, reserved 1048576K
}
Event: 1.710 GC heap after
{Heap after GC invocations=6 (full 0):
 garbage-first heap   total 46080K, used 17149K [0x0000000082800000, 0x0000000100000000)
  region size 1024K, 1 young (1024K), 1 survivors (1024K)
 Metaspace       used 28049K, committed 28224K, reserved 1081344K
  class space    used 3135K, committed 3200K, reserved 1048576K
}
Event: 2.061 GC heap before
{Heap before GC invocations=6 (full 0):
 garbage-first heap   total 46080K, used 33533K [0x0000000082800000, 0x0000000100000000)
  region size 1024K, 17 young (17408K), 1 survivors (1024K)
 Metaspace       used 33447K, committed 33664K, reserved 1081344K
  class space    used 4101K, committed 4224K, reserved 1048576K
}
Event: 2.065 GC heap after
{Heap after GC invocations=7 (full 0):
 garbage-first heap   total 71680K, used 17549K [0x0000000082800000, 0x0000000100000000)
  region size 1024K, 1 young (1024K), 1 survivors (1024K)
 Metaspace       used 33447K, committed 33664K, reserved 1081344K
  class space    used 4101K, committed 4224K, reserved 1048576K
}
Event: 2.488 GC heap before
{Heap before GC invocations=7 (full 0):
 garbage-first heap   total 71680K, used 57485K [0x0000000082800000, 0x0000000100000000)
  region size 1024K, 36 young (36864K), 1 survivors (1024K)
 Metaspace       used 34770K, committed 35072K, reserved 1081344K
  class space    used 4213K, committed 4352K, reserved 1048576K
}
Event: 2.503 GC heap after
{Heap after GC invocations=8 (full 0):
 garbage-first heap   total 71680K, used 27226K [0x0000000082800000, 0x0000000100000000)
  region size 1024K, 5 young (5120K), 5 survivors (5120K)
 Metaspace       used 34770K, committed 35072K, reserved 1081344K
  class space    used 4213K, committed 4352K, reserved 1048576K
}
Event: 2.604 GC heap before
{Heap before GC invocations=8 (full 0):
 garbage-first heap   total 71680K, used 30298K [0x0000000082800000, 0x0000000100000000)
  region size 1024K, 9 young (9216K), 5 survivors (5120K)
 Metaspace       used 35852K, committed 36096K, reserved 1081344K
  class space    used 4496K, committed 4608K, reserved 1048576K
}
Event: 2.613 GC heap after
{Heap after GC invocations=9 (full 0):
 garbage-first heap   total 71680K, used 28141K [0x0000000082800000, 0x0000000100000000)
  region size 1024K, 1 young (1024K), 1 survivors (1024K)
 Metaspace       used 35852K, committed 36096K, reserved 1081344K
  class space    used 4496K, committed 4608K, reserved 1048576K
}
Event: 2.903 GC heap before
{Heap before GC invocations=10 (full 0):
 garbage-first heap   total 71680K, used 54765K [0x0000000082800000, 0x0000000100000000)
  region size 1024K, 26 young (26624K), 1 survivors (1024K)
 Metaspace       used 39063K, committed 39360K, reserved 1089536K
  class space    used 4892K, committed 5056K, reserved 1048576K
}
Event: 2.908 GC heap after
{Heap after GC invocations=11 (full 0):
 garbage-first heap   total 71680K, used 32177K [0x0000000082800000, 0x0000000100000000)
  region size 1024K, 4 young (4096K), 4 survivors (4096K)
 Metaspace       used 39063K, committed 39360K, reserved 1089536K
  class space    used 4892K, committed 5056K, reserved 1048576K
}
Event: 3.313 GC heap before
{Heap before GC invocations=12 (full 0):
 garbage-first heap   total 71680K, used 53681K [0x0000000082800000, 0x0000000100000000)
  region size 1024K, 26 young (26624K), 4 survivors (4096K)
 Metaspace       used 43523K, committed 43776K, reserved 1089536K
  class space    used 5329K, committed 5440K, reserved 1048576K
}
Event: 3.321 GC heap after
{Heap after GC invocations=13 (full 0):
 garbage-first heap   total 71680K, used 34658K [0x0000000082800000, 0x0000000100000000)
  region size 1024K, 3 young (3072K), 3 survivors (3072K)
 Metaspace       used 43523K, committed 43776K, reserved 1089536K
  class space    used 5329K, committed 5440K, reserved 1048576K
}
Event: 3.780 GC heap before
{Heap before GC invocations=13 (full 0):
 garbage-first heap   total 71680K, used 55138K [0x0000000082800000, 0x0000000100000000)
  region size 1024K, 23 young (23552K), 3 survivors (3072K)
 Metaspace       used 48080K, committed 48384K, reserved 1097728K
  class space    used 5762K, committed 5888K, reserved 1048576K
}
Event: 3.788 GC heap after
{Heap after GC invocations=14 (full 0):
 garbage-first heap   total 71680K, used 37361K [0x0000000082800000, 0x0000000100000000)
  region size 1024K, 3 young (3072K), 3 survivors (3072K)
 Metaspace       used 48080K, committed 48384K, reserved 1097728K
  class space    used 5762K, committed 5888K, reserved 1048576K
}
Event: 3.872 GC heap before
{Heap before GC invocations=15 (full 0):
 garbage-first heap   total 71680K, used 39409K [0x0000000082800000, 0x0000000100000000)
  region size 1024K, 6 young (6144K), 3 survivors (3072K)
 Metaspace       used 48790K, committed 49088K, reserved 1097728K
  class space    used 5876K, committed 6016K, reserved 1048576K
}
Event: 3.879 GC heap after
{Heap after GC invocations=16 (full 0):
 garbage-first heap   total 71680K, used 37834K [0x0000000082800000, 0x0000000100000000)
  region size 1024K, 1 young (1024K), 1 survivors (1024K)
 Metaspace       used 48790K, committed 49088K, reserved 1097728K
  class space    used 5876K, committed 6016K, reserved 1048576K
}
Event: 4.161 GC heap before
{Heap before GC invocations=17 (full 0):
 garbage-first heap   total 73728K, used 58314K [0x0000000082800000, 0x0000000100000000)
  region size 1024K, 19 young (19456K), 1 survivors (1024K)
 Metaspace       used 50323K, committed 50560K, reserved 1097728K
  class space    used 6031K, committed 6144K, reserved 1048576K
}
Event: 4.165 GC heap after
{Heap after GC invocations=18 (full 0):
 garbage-first heap   total 73728K, used 42168K [0x0000000082800000, 0x0000000100000000)
  region size 1024K, 3 young (3072K), 3 survivors (3072K)
 Metaspace       used 50323K, committed 50560K, reserved 1097728K
  class space    used 6031K, committed 6144K, reserved 1048576K
}
Event: 4.230 GC heap before
{Heap before GC invocations=18 (full 0):
 garbage-first heap   total 73728K, used 46264K [0x0000000082800000, 0x0000000100000000)
  region size 1024K, 8 young (8192K), 3 survivors (3072K)
 Metaspace       used 50532K, committed 50816K, reserved 1097728K
  class space    used 6058K, committed 6208K, reserved 1048576K
}
Event: 4.235 GC heap after
{Heap after GC invocations=19 (full 0):
 garbage-first heap   total 73728K, used 43457K [0x0000000082800000, 0x0000000100000000)
  region size 1024K, 2 young (2048K), 2 survivors (2048K)
 Metaspace       used 50532K, committed 50816K, reserved 1097728K
  class space    used 6058K, committed 6208K, reserved 1048576K
}

Dll operation events (2 events):
Event: 0.006 Loaded shared library C:\Program Files\Android\Android Studio\jbr\bin\java.dll
Event: 1.055 Loaded shared library C:\Program Files\Android\Android Studio\jbr\bin\verify.dll

Deoptimization events (20 events):
Event: 4.065 Thread 0x000002724acae000 DEOPT PACKING pc=0x000002724e5f8e2c sp=0x000000e2074fcc40
Event: 4.065 Thread 0x000002724acae000 DEOPT UNPACKING pc=0x00000272556f7143 sp=0x000000e2074fc0d0 mode 0
Event: 4.077 Thread 0x000002724acae000 DEOPT PACKING pc=0x000002724e5fb000 sp=0x000000e2074fcac0
Event: 4.077 Thread 0x000002724acae000 DEOPT UNPACKING pc=0x00000272556f7143 sp=0x000000e2074fbf80 mode 0
Event: 4.077 Thread 0x000002724acae000 DEOPT PACKING pc=0x000002724e8b6865 sp=0x000000e2074fcb70
Event: 4.077 Thread 0x000002724acae000 DEOPT UNPACKING pc=0x00000272556f7143 sp=0x000000e2074fbfc0 mode 0
Event: 4.139 Thread 0x000002724acae000 DEOPT PACKING pc=0x000002724e7d4038 sp=0x000000e2074f9c70
Event: 4.139 Thread 0x000002724acae000 DEOPT UNPACKING pc=0x00000272556f7143 sp=0x000000e2074f9188 mode 0
Event: 4.157 Thread 0x000002724acae000 Uncommon trap: trap_request=0xffffff45 fr.pc=0x0000027255e1292c relative=0x0000000000000bec
Event: 4.157 Thread 0x000002724acae000 Uncommon trap: reason=unstable_if action=reinterpret pc=0x0000027255e1292c method=org.jetbrains.kotlin.metadata.ProtoBuf$Type.getSerializedSize()I @ 25 c2
Event: 4.157 Thread 0x000002724acae000 DEOPT PACKING pc=0x0000027255e1292c sp=0x000000e2074fbe80
Event: 4.157 Thread 0x000002724acae000 DEOPT UNPACKING pc=0x00000272556f69a3 sp=0x000000e2074fbe40 mode 2
Event: 4.184 Thread 0x000002724acae000 DEOPT PACKING pc=0x000002724e8b6865 sp=0x000000e2074fb420
Event: 4.184 Thread 0x000002724acae000 DEOPT UNPACKING pc=0x00000272556f7143 sp=0x000000e2074fa870 mode 0
Event: 4.208 Thread 0x000002724acae000 Uncommon trap: trap_request=0xffffff45 fr.pc=0x0000027255e1bfc8 relative=0x00000000000000c8
Event: 4.208 Thread 0x000002724acae000 Uncommon trap: reason=unstable_if action=reinterpret pc=0x0000027255e1bfc8 method=org.jetbrains.kotlin.protobuf.CodedOutputStream.computeRawVarint32Size(I)I @ 14 c2
Event: 4.208 Thread 0x000002724acae000 DEOPT PACKING pc=0x0000027255e1bfc8 sp=0x000000e2074fbe40
Event: 4.208 Thread 0x000002724acae000 DEOPT UNPACKING pc=0x00000272556f69a3 sp=0x000000e2074fbd18 mode 2
Event: 4.251 Thread 0x000002724acae000 DEOPT PACKING pc=0x000002724e8b6865 sp=0x000000e2074fb4b0
Event: 4.251 Thread 0x000002724acae000 DEOPT UNPACKING pc=0x00000272556f7143 sp=0x000000e2074fa900 mode 0

Classes unloaded (0 events):
No events

Classes redefined (0 events):
No events

Internal exceptions (20 events):
Event: 0.981 Thread 0x000002724acae000 Exception <a 'java/lang/NoSuchMethodError'{0x0000000089985fe8}: 'int java.lang.invoke.DirectMethodHandle$Holder.invokeSpecial(java.lang.Object, java.lang.Object, java.lang.Object, java.lang.Object)'> (0x0000000089985fe8) 
thrown [s\src\hotspot\share\interpreter\linkResolver.cpp, line 771]
Event: 0.981 Thread 0x000002724acae000 Exception <a 'java/lang/NoSuchMethodError'{0x0000000089989650}: 'int java.lang.invoke.Invokers$Holder.invoke_MT(java.lang.Object, java.lang.Object, java.lang.Object, java.lang.Object)'> (0x0000000089989650) 
thrown [s\src\hotspot\share\interpreter\linkResolver.cpp, line 771]
Event: 0.982 Thread 0x000002724acae000 Exception <a 'java/lang/NoSuchMethodError'{0x0000000089999270}: 'int java.lang.invoke.DelegatingMethodHandle$Holder.reinvoke_L(java.lang.Object, java.lang.Object, java.lang.Object, long, int)'> (0x0000000089999270) 
thrown [s\src\hotspot\share\interpreter\linkResolver.cpp, line 771]
Event: 1.058 Thread 0x000002724acae000 Exception <a 'java/lang/NoSuchMethodError'{0x000000008950ece0}: 'java.lang.Object java.lang.invoke.DirectMethodHandle$Holder.invokeStaticInit(java.lang.Object)'> (0x000000008950ece0) 
thrown [s\src\hotspot\share\interpreter\linkResolver.cpp, line 771]
Event: 1.292 Thread 0x000002724acae000 Exception <a 'java/lang/NoSuchMethodError'{0x0000000084c59a80}: 'java.lang.Object java.lang.invoke.DirectMethodHandle$Holder.invokeStaticInit(java.lang.Object, int)'> (0x0000000084c59a80) 
thrown [s\src\hotspot\share\interpreter\linkResolver.cpp, line 771]
Event: 1.297 Thread 0x000002724acae000 Exception <a 'java/lang/NoSuchMethodError'{0x0000000084cd9df8}: 'void java.lang.invoke.DirectMethodHandle$Holder.invokeStatic(java.lang.Object, java.lang.Object)'> (0x0000000084cd9df8) 
thrown [s\src\hotspot\share\interpreter\linkResolver.cpp, line 771]
Event: 1.313 Thread 0x000002724acae000 Exception <a 'java/lang/NoSuchMethodError'{0x0000000084a03120}: 'long java.lang.invoke.DirectMethodHandle$Holder.invokeStatic(java.lang.Object)'> (0x0000000084a03120) 
thrown [s\src\hotspot\share\interpreter\linkResolver.cpp, line 771]
Event: 1.314 Thread 0x000002724acae000 Exception <a 'java/lang/NoSuchMethodError'{0x0000000084a06878}: 'long java.lang.invoke.DirectMethodHandle$Holder.invokeStaticInit(java.lang.Object)'> (0x0000000084a06878) 
thrown [s\src\hotspot\share\interpreter\linkResolver.cpp, line 771]
Event: 1.366 Thread 0x000002724acae000 Exception <a 'java/lang/NoSuchMethodError'{0x00000000847f0dd8}: 'int java.lang.invoke.DirectMethodHandle$Holder.invokeStaticInit(java.lang.Object, java.lang.Object, java.lang.Object)'> (0x00000000847f0dd8) 
thrown [s\src\hotspot\share\interpreter\linkResolver.cpp, line 771]
Event: 1.370 Thread 0x000002724acae000 Exception <a 'java/lang/NoSuchMethodError'{0x00000000846190e0}: 'int java.lang.invoke.DirectMethodHandle$Holder.invokeStaticInit(java.lang.Object, java.lang.Object)'> (0x00000000846190e0) 
thrown [s\src\hotspot\share\interpreter\linkResolver.cpp, line 771]
Event: 1.382 Thread 0x000002724acae000 Exception <a 'java/lang/NoSuchMethodError'{0x00000000846eee40}: 'void java.lang.invoke.DirectMethodHandle$Holder.invokeSpecial(java.lang.Object, java.lang.Object, java.lang.Object)'> (0x00000000846eee40) 
thrown [s\src\hotspot\share\interpreter\linkResolver.cpp, line 771]
Event: 1.657 Thread 0x000002724acae000 Exception <a 'java/lang/NoSuchMethodError'{0x0000000083aa9c90}: 'void java.lang.invoke.DirectMethodHandle$Holder.invokeStatic(java.lang.Object, java.lang.Object, java.lang.Object, java.lang.Object)'> (0x0000000083aa9c90) 
thrown [s\src\hotspot\share\interpreter\linkResolver.cpp, line 771]
Event: 1.745 Thread 0x000002724acae000 Exception <a 'java/lang/NoSuchMethodError'{0x000000008875fcd8}: 'void java.lang.invoke.DirectMethodHandle$Holder.invokeStaticInit(java.lang.Object, java.lang.Object)'> (0x000000008875fcd8) 
thrown [s\src\hotspot\share\interpreter\linkResolver.cpp, line 771]
Event: 1.881 Thread 0x000002724acae000 Exception <a 'java/lang/NoSuchMethodError'{0x00000000848b14e0}: 'void java.lang.invoke.DirectMethodHandle$Holder.invokeVirtual(java.lang.Object, java.lang.Object)'> (0x00000000848b14e0) 
thrown [s\src\hotspot\share\interpreter\linkResolver.cpp, line 771]
Event: 1.888 Thread 0x000002724acae000 Exception <a 'java/lang/NoSuchMethodError'{0x00000000848fce80}: 'int java.lang.invoke.DirectMethodHandle$Holder.invokeVirtual(java.lang.Object, java.lang.Object)'> (0x00000000848fce80) 
thrown [s\src\hotspot\share\interpreter\linkResolver.cpp, line 771]
Event: 1.905 Thread 0x000002724acae000 Exception <a 'java/lang/NoSuchMethodError'{0x000000008479ff10}: 'java.lang.Object java.lang.invoke.Invokers$Holder.invokeExact_MT(java.lang.Object, java.lang.Object, java.lang.Object, java.lang.Object, java.lang.Object, java.lang.Object)'> (0x000000008479ff10) 
thrown [s\src\hotspot\share\interpreter\linkResolver.cpp, line 771]
Event: 2.071 Thread 0x000002724acae000 Exception <a 'java/lang/NoSuchMethodError'{0x000000008a52ebc0}: 'java.lang.Object java.lang.invoke.Invokers$Holder.invoke_MT(java.lang.Object, java.lang.Object, java.lang.Object)'> (0x000000008a52ebc0) 
thrown [s\src\hotspot\share\interpreter\linkResolver.cpp, line 771]
Event: 2.803 Thread 0x000002724acae000 Exception <a 'java/lang/NoSuchMethodError'{0x0000000085e41740}: 'java.lang.Object java.lang.invoke.DirectMethodHandle$Holder.invokeVirtual(java.lang.Object, java.lang.Object, java.lang.Object)'> (0x0000000085e41740) 
thrown [s\src\hotspot\share\interpreter\linkResolver.cpp, line 771]
Event: 3.607 Thread 0x000002724acae000 Exception <a 'java/lang/NoSuchMethodError'{0x0000000085c065f8}: 'java.lang.Object java.lang.invoke.DirectMethodHandle$Holder.newInvokeSpecial(java.lang.Object, java.lang.Object, int)'> (0x0000000085c065f8) 
thrown [s\src\hotspot\share\interpreter\linkResolver.cpp, line 771]
Event: 3.659 Thread 0x000002724acae000 Implicit null exception at 0x0000027255dca54c to 0x0000027255dca640

VM Operations (20 events):
Event: 3.859 Executing VM operation: HandshakeAllThreads done
Event: 3.864 Executing VM operation: G1Concurrent
Event: 3.864 Executing VM operation: G1Concurrent done
Event: 3.872 Executing VM operation: G1TryInitiateConcMark
Event: 3.879 Executing VM operation: G1TryInitiateConcMark done
Event: 3.884 Executing VM operation: HandshakeAllThreads
Event: 3.884 Executing VM operation: HandshakeAllThreads done
Event: 3.933 Executing VM operation: G1Concurrent
Event: 3.936 Executing VM operation: G1Concurrent done
Event: 3.961 Executing VM operation: G1Concurrent
Event: 3.961 Executing VM operation: G1Concurrent done
Event: 3.988 Executing VM operation: HandshakeAllThreads
Event: 3.988 Executing VM operation: HandshakeAllThreads done
Event: 4.030 Executing VM operation: HandshakeAllThreads
Event: 4.030 Executing VM operation: HandshakeAllThreads done
Event: 4.161 Executing VM operation: G1CollectForAllocation
Event: 4.165 Executing VM operation: G1CollectForAllocation done
Event: 4.230 Executing VM operation: G1TryInitiateConcMark
Event: 4.235 Executing VM operation: G1TryInitiateConcMark done
Event: 4.298 Executing VM operation: G1Concurrent

Events (20 events):
Event: 3.277 loading class sun/reflect/generics/repository/MethodRepository
Event: 3.277 loading class sun/reflect/generics/repository/MethodRepository done
Event: 3.545 loading class java/util/EmptyStackException
Event: 3.545 loading class java/util/EmptyStackException done
Event: 3.555 loading class java/util/BitSet
Event: 3.555 loading class java/util/BitSet done
Event: 3.558 loading class java/util/PrimitiveIterator$OfInt
Event: 3.558 loading class java/util/PrimitiveIterator
Event: 3.558 loading class java/util/PrimitiveIterator done
Event: 3.558 loading class java/util/PrimitiveIterator$OfInt done
Event: 3.606 loading class java/util/function/IntUnaryOperator
Event: 3.606 loading class java/util/function/IntUnaryOperator done
Event: 3.802 loading class java/util/AbstractList$SubList$1
Event: 3.802 loading class java/util/AbstractList$SubList$1 done
Event: 3.802 loading class java/util/AbstractList$ListItr
Event: 3.802 loading class java/util/AbstractList$ListItr done
Event: 3.897 loading class java/text/StringCharacterIterator
Event: 3.897 loading class java/text/CharacterIterator
Event: 3.897 loading class java/text/CharacterIterator done
Event: 3.898 loading class java/text/StringCharacterIterator done


Dynamic libraries:
0x00007ff6f5370000 - 0x00007ff6f537a000 	C:\Program Files\Android\Android Studio\jbr\bin\java.exe
0x00007ffb1ba10000 - 0x00007ffb1bc24000 	C:\Windows\SYSTEM32\ntdll.dll
0x00007ffb08390000 - 0x00007ffb083a9000 	C:\Program Files\AVG\Antivirus\aswhook.dll
0x00007ffb1a910000 - 0x00007ffb1a9d2000 	C:\Windows\System32\KERNEL32.DLL
0x00007ffb19240000 - 0x00007ffb195e3000 	C:\Windows\System32\KERNELBASE.dll
0x00007ffb18e30000 - 0x00007ffb18f41000 	C:\Windows\System32\ucrtbase.dll
0x00007ffb07530000 - 0x00007ffb07547000 	C:\Program Files\Android\Android Studio\jbr\bin\jli.dll
0x00007ffb08290000 - 0x00007ffb082ab000 	C:\Program Files\Android\Android Studio\jbr\bin\VCRUNTIME140.dll
0x00007ffb19810000 - 0x00007ffb199bb000 	C:\Windows\System32\USER32.dll
0x00007ffb195f0000 - 0x00007ffb19616000 	C:\Windows\System32\win32u.dll
0x00007ffb04b50000 - 0x00007ffb04dde000 	C:\Windows\WinSxS\amd64_microsoft.windows.common-controls_6595b64144ccf1df_6.0.22621.1635_none_270f70857386168e\COMCTL32.dll
0x00007ffb19d90000 - 0x00007ffb19db9000 	C:\Windows\System32\GDI32.dll
0x00007ffb18f50000 - 0x00007ffb19068000 	C:\Windows\System32\gdi32full.dll
0x00007ffb1ae50000 - 0x00007ffb1aef7000 	C:\Windows\System32\msvcrt.dll
0x00007ffb191a0000 - 0x00007ffb1923a000 	C:\Windows\System32\msvcp_win.dll
0x00007ffb19ee0000 - 0x00007ffb19f11000 	C:\Windows\System32\IMM32.DLL
0x00007ffb13dc0000 - 0x00007ffb13dcc000 	C:\Program Files\Android\Android Studio\jbr\bin\vcruntime140_1.dll
0x00007ffaf2e70000 - 0x00007ffaf2efd000 	C:\Program Files\Android\Android Studio\jbr\bin\msvcp140.dll
0x00007ffab0ee0000 - 0x00007ffab1b4d000 	C:\Program Files\Android\Android Studio\jbr\bin\server\jvm.dll
0x00007ffb19f30000 - 0x00007ffb19fde000 	C:\Windows\System32\ADVAPI32.dll
0x00007ffb1ac30000 - 0x00007ffb1acd4000 	C:\Windows\System32\sechost.dll
0x00007ffb1ace0000 - 0x00007ffb1adf7000 	C:\Windows\System32\RPCRT4.dll
0x00007ffb017a0000 - 0x00007ffb017a9000 	C:\Windows\SYSTEM32\WSOCK32.dll
0x00007ffb10080000 - 0x00007ffb100b4000 	C:\Windows\SYSTEM32\WINMM.dll
0x00007ffb13ea0000 - 0x00007ffb13eaa000 	C:\Windows\SYSTEM32\VERSION.dll
0x00007ffb19be0000 - 0x00007ffb19c51000 	C:\Windows\System32\WS2_32.dll
0x00007ffb17e40000 - 0x00007ffb17e58000 	C:\Windows\SYSTEM32\kernel.appcore.dll
0x00007ffb05090000 - 0x00007ffb0509a000 	C:\Program Files\Android\Android Studio\jbr\bin\jimage.dll
0x00007ffb16830000 - 0x00007ffb16a5e000 	C:\Windows\SYSTEM32\DBGHELP.DLL
0x00007ffb1a570000 - 0x00007ffb1a8f9000 	C:\Windows\System32\combase.dll
0x00007ffb1b890000 - 0x00007ffb1b967000 	C:\Windows\System32\OLEAUT32.dll
0x00007ffb09cf0000 - 0x00007ffb09d22000 	C:\Windows\SYSTEM32\dbgcore.DLL
0x00007ffb19790000 - 0x00007ffb1980b000 	C:\Windows\System32\bcryptPrimitives.dll
0x00007ffad6d00000 - 0x00007ffad6d25000 	C:\Program Files\Android\Android Studio\jbr\bin\java.dll
0x00007ffae2530000 - 0x00007ffae2548000 	C:\Program Files\Android\Android Studio\jbr\bin\zip.dll
0x00007ffb1af20000 - 0x00007ffb1b71a000 	C:\Windows\System32\SHELL32.dll
0x00007ffb16de0000 - 0x00007ffb176ae000 	C:\Windows\SYSTEM32\windows.storage.dll
0x00007ffb16ca0000 - 0x00007ffb16dde000 	C:\Windows\SYSTEM32\wintypes.dll
0x00007ffb19de0000 - 0x00007ffb19ed1000 	C:\Windows\System32\SHCORE.dll
0x00007ffb1b970000 - 0x00007ffb1b9ce000 	C:\Windows\System32\shlwapi.dll
0x00007ffb18d60000 - 0x00007ffb18d81000 	C:\Windows\SYSTEM32\profapi.dll
0x00007ffadeb70000 - 0x00007ffadeb89000 	C:\Program Files\Android\Android Studio\jbr\bin\net.dll
0x00007ffb0e4a0000 - 0x00007ffb0e5d7000 	C:\Windows\SYSTEM32\WINHTTP.dll
0x00007ffb182b0000 - 0x00007ffb18319000 	C:\Windows\system32\mswsock.dll
0x00007ffaddd40000 - 0x00007ffaddd56000 	C:\Program Files\Android\Android Studio\jbr\bin\nio.dll
0x00007ffb02c10000 - 0x00007ffb02c20000 	C:\Program Files\Android\Android Studio\jbr\bin\verify.dll

dbghelp: loaded successfully - version: 4.0.5 - missing functions: none
symbol engine: initialized successfully - sym options: 0x614 - pdb path: .;C:\Program Files\Android\Android Studio\jbr\bin;C:\Windows\SYSTEM32;C:\Program Files\AVG\Antivirus;C:\Windows\WinSxS\amd64_microsoft.windows.common-controls_6595b64144ccf1df_6.0.22621.1635_none_270f70857386168e;C:\Program Files\Android\Android Studio\jbr\bin\server

VM Arguments:
java_command: org.jetbrains.kotlin.cli.jvm.K2JVMCompiler @D:\Latihan\Kotlin\bangun-pc-android\app\build\20230531_17053743153046782003.compiler.options
java_class_path (initial): C:\Users\nameo\.gradle\caches\modules-2\files-2.1\org.jetbrains.kotlin\kotlin-compiler-embeddable\1.8.21\a4a682d55fb788432e4b7bf2ab3acb7a7365fb35\kotlin-compiler-embeddable-1.8.21.jar;C:\Users\nameo\.gradle\caches\modules-2\files-2.1\org.jetbrains.kotlin\kotlin-stdlib\1.8.21\43d50ab85bc7587adfe3dda3dbe579e5f8d51265\kotlin-stdlib-1.8.21.jar;C:\Users\nameo\.gradle\caches\modules-2\files-2.1\org.jetbrains.kotlin\kotlin-script-runtime\1.8.21\bf43f76b6e29bdc09b6c8a4511a9118b0ab12b1f\kotlin-script-runtime-1.8.21.jar;C:\Users\nameo\.gradle\caches\modules-2\files-2.1\org.jetbrains.kotlin\kotlin-reflect\1.6.10\1cbe9c92c12a94eea200d23c2bbaedaf3daf5132\kotlin-reflect-1.6.10.jar;C:\Users\nameo\.gradle\caches\modules-2\files-2.1\org.jetbrains.kotlin\kotlin-daemon-embeddable\1.8.21\882003c48db58d16c8fb5a933abf08b5974a1a19\kotlin-daemon-embeddable-1.8.21.jar;C:\Users\nameo\.gradle\caches\modules-2\files-2.1\org.jetbrains.intellij.deps\trove4j\1.0.20200330\3afb14d5f9ceb459d724e907a21145e8ff394f02\trove4j-1.0.20200330.jar;C:\Users\nameo\.gradle\caches\modules-2\files-2.1\net.java.dev.jna\jna\5.6.0\330f2244e9030119ab3030fc3fededc86713d9cc\jna-5.6.0.jar;C:\Users\nameo\.gradle\caches\modules-2\files-2.1\org.jetbrains.kotlin\kotlin-stdlib-common\1.8.21\d749cd5ae25da36d06e5028785038e24f9d37976\kotlin-stdlib-common-1.8.21.jar;C:\Users\nameo\.gradle\caches\modules-2\files-2.1\org.jetbrains\annotations\13.0\919f0dfe192fb4e063e7dacadee7f8bb9a2672a9\annotations-13.0.jar
Launcher Type: SUN_STANDARD

[Global flags]
     intx CICompilerCount                          = 3                                         {product} {ergonomic}
     uint ConcGCThreads                            = 1                                         {product} {ergonomic}
     uint G1ConcRefinementThreads                  = 4                                         {product} {ergonomic}
   size_t G1HeapRegionSize                         = 1048576                                   {product} {ergonomic}
    uintx GCDrainStackTargetSize                   = 64                                        {product} {ergonomic}
   size_t InitialHeapSize                          = 132120576                                 {product} {ergonomic}
   size_t MarkStackSize                            = 4194304                                   {product} {ergonomic}
   size_t MaxHeapSize                              = 2105540608                                {product} {ergonomic}
   size_t MaxNewSize                               = 1262485504                                {product} {ergonomic}
   size_t MinHeapDeltaBytes                        = 1048576                                   {product} {ergonomic}
   size_t MinHeapSize                              = 8388608                                   {product} {ergonomic}
    uintx NonNMethodCodeHeapSize                   = 5832780                                {pd product} {ergonomic}
    uintx NonProfiledCodeHeapSize                  = 122912730                              {pd product} {ergonomic}
    uintx ProfiledCodeHeapSize                     = 122912730                              {pd product} {ergonomic}
    uintx ReservedCodeCacheSize                    = 251658240                              {pd product} {ergonomic}
     bool SegmentedCodeCache                       = true                                      {product} {ergonomic}
   size_t SoftMaxHeapSize                          = 2105540608                             {manageable} {ergonomic}
     bool UseCompressedClassPointers               = true                           {product lp64_product} {ergonomic}
     bool UseCompressedOops                        = true                           {product lp64_product} {ergonomic}
     bool UseG1GC                                  = true                                      {product} {ergonomic}
     bool UseLargePagesIndividualAllocation        = false                                  {pd product} {ergonomic}

Logging:
Log output configuration:
 #0: stdout all=warning uptime,level,tags
 #1: stderr all=off uptime,level,tags

Environment Variables:
PATH=C:\Program Files\Common Files\Oracle\Java\javapath;C:\Windows\system32;C:\Windows;C:\Windows\System32\Wbem;C:\Windows\System32\WindowsPowerShell\v1.0\;C:\Windows\System32\OpenSSH\;C:\Program Files\dotnet\;C:\Program Files\Git\cmd;C:\Program Files\nodejs\;C:\laragon\bin\php\php-8.1.10-Win32-vs16-x64;C:\ProgramData\ComposerSetup\bin;C:\Program Files\Docker\Docker\resources\bin;C:\Program Files\Go\bin;C:\Users\nameo\AppData\Local\Microsoft\WindowsApps;C:\Users\nameo\.dotnet\tools;C:\Users\nameo\AppData\Roaming\npm;C:\Users\nameo\AppData\Local\Programs\Microsoft VS Code\bin;C:\Users\nameo\AppData\Local\GitHubDesktop\bin;C:\Users\nameo\AppData\Roaming\Composer\vendor\bin;C:\flutter\bin;D:\Sdk\platform-tools;D:\Sdk\platform;C:\Users\nameo\go\bin
USERNAME=nameo
OS=Windows_NT
PROCESSOR_IDENTIFIER=Intel64 Family 6 Model 142 Stepping 12, GenuineIntel
TMP=C:\Users\nameo\AppData\Local\Temp
TEMP=C:\Users\nameo\AppData\Local\Temp



---------------  S Y S T E M  ---------------

OS:
 Windows 11 , 64 bit Build 22621 (10.0.22621.1635)
OS uptime: 0 days 17:33 hours
Hyper-V role detected

CPU: total 4 (initial active 4) (2 cores per cpu, 2 threads per core) family 6 model 142 stepping 12 microcode 0xea, cx8, cmov, fxsr, ht, mmx, 3dnowpref, sse, sse2, sse3, ssse3, sse4.1, sse4.2, popcnt, lzcnt, tsc, tscinvbit, avx, avx2, aes, erms, clmul, bmi1, bmi2, adx, fma, vzeroupper, clflush, clflushopt, hv

Memory: 4k page, system-wide physical 8029M (399M free)
TotalPageFile size 11029M (AvailPageFile size 12M)
current process WorkingSet (physical memory assigned to process): 220M, peak: 222M
current process commit charge ("private bytes"): 246M, peak: 268M

vm_info: OpenJDK 64-Bit Server VM (17.0.6+0-b2043.56-9586694) for windows-amd64 JRE (17.0.6+0-b2043.56-9586694), built on Feb  9 2023 20:06:20 by "androidbuild" with MS VC++ 16.10 / 16.11 (VS2019)

END.
